{
  "stats": {
    "suites": 1,
    "tests": 2,
    "passes": 0,
    "pending": 2,
    "failures": 0,
    "start": "2020-06-11T15:39:49.430Z",
    "end": "2020-06-11T15:39:49.435Z",
    "duration": 5,
    "testsRegistered": 2,
    "passPercent": null,
    "pendingPercent": 100,
    "other": 0,
    "hasOther": false,
    "skipped": 0,
    "hasSkipped": false,
    "passPercentClass": "success",
    "pendingPercentClass": "success"
  },
  "suites": {
    "uuid": "446bbcc1-28ab-4623-b505-c05b2a9150aa",
    "title": "",
    "fullFile": "",
    "file": "",
    "beforeHooks": [],
    "afterHooks": [],
    "tests": [],
    "suites": [
      {
        "uuid": "287563ac-5af0-462b-9b60-655a08b48677",
        "title": "websocket client",
        "fullFile": "/Users/liyinchi/workspace/AutoTest/api/nodejs/HttpRunnerJS/test/client-websocket.js",
        "file": "/test/client-websocket.js",
        "beforeHooks": [],
        "afterHooks": [],
        "tests": [
          {
            "title": "websocket connect",
            "fullTitle": "websocket client websocket connect",
            "timedOut": false,
            "duration": 0,
            "pass": false,
            "fail": false,
            "pending": true,
            "code": "",
            "err": {},
            "isRoot": false,
            "uuid": "82386f10-f575-4789-bae1-0f55f857bc13",
            "isHook": false,
            "skipped": false
          },
          {
            "title": "websocket connectFailed",
            "fullTitle": "websocket client websocket connectFailed",
            "timedOut": false,
            "duration": 0,
            "pass": false,
            "fail": false,
            "pending": true,
            "code": "",
            "err": {},
            "isRoot": false,
            "uuid": "fde3746d-eb9a-4582-8d2b-0c5445786f9c",
            "isHook": false,
            "skipped": false
          }
        ],
        "suites": [],
        "passes": [],
        "failures": [],
        "pending": [
          "82386f10-f575-4789-bae1-0f55f857bc13",
          "fde3746d-eb9a-4582-8d2b-0c5445786f9c"
        ],
        "skipped": [],
        "duration": null,
        "root": false,
        "rootEmpty": false,
        "_timeout": 2000
      }
    ],
    "passes": [],
    "failures": [],
    "pending": [],
    "skipped": [],
    "duration": 0,
    "root": true,
    "rootEmpty": true,
    "_timeout": 2000
  },
  "copyrightYear": 2020
}